Drill report for E:\Mechatronics\Projects\ATmega 32 development board\Atmega32 V1\Main files\ATMEGA32A_PU_V1\ATMEGA32A_PU_V1.kicad_pcb
Created on 2/14/2022 10:58:22 AM

Copper Layer Stackup:
    =============================================================
    L1 :  F.Cu                      front
    L2 :  B.Cu                      back


Drill file 'ATMEGA32A_PU_V1-PTH.drl' contains
    plated through holes:
    =============================================================
    T1  0.381mm  0.0150"  (54 holes)
    T2  0.600mm  0.0236"  (32 holes)
    T3  0.800mm  0.0315"  (45 holes)  (with 3 slots)
    T4  1.000mm  0.0394"  (42 holes)
    T5  1.100mm  0.0433"  (4 holes)
    T6  1.300mm  0.0512"  (2 holes)
    T7  4.000mm  0.1575"  (4 holes)

    Total plated holes count 183


Drill file 'ATMEGA32A_PU_V1-NPTH.drl' contains
    unplated through holes:
    =============================================================

    Total unplated holes count 0
